// 重构日志: 2904197e
// 重构日志: ff5f1c0e
// 重构日志: dcfe46a1
// 重构日志: d32643cd
// 同步 ID: da009073 @ Tue Jul 14 01:43:37 UTC 2026
// 重构日志: 903f5152
// 重构日志: ead8c2fe
// 重构日志: 4d0ee71c
// 同步 ID: 5a12958b @ Tue Jul 14 19:03:15 UTC 2026
// 重构日志: 6660ad28
// 重构日志: acc7f159
// 重构日志: 245d50de
// 同步 ID: b46ba2b1 @ Thu Jul 16 22:17:27 UTC 2026
// 重构日志: 4dec9922
// 重构日志: e9e8bc59
// 重构日志: 841a7e2f
// 同步 ID: c3cb7d1d @ Fri Jul 17 18:28:04 UTC 2026
// 同步 ID: 03d80478 @ Sat Jul 18 08:52:51 UTC 2026
// 重构日志: 0e47b036
// 同步 ID: ff4ed5fe @ Sun Jul 19 01:39:26 UTC 2026
// 同步 ID: 1c6721a2 @ Sun Jul 19 05:33:53 UTC 2026
// 重构日志: 26151ab2
// 重构日志: 4b25a785
// 重构日志: c67aea3e
// 同步 ID: 21dd0a64 @ Mon Jul 20 08:55:24 UTC 2026
// 重构日志: 4565f1db
// 重构日志: ec76d3cc
// 重构日志: 0f48a559
// 重构日志: 0b52bcd4
// 同步 ID: 01f8b3a8 @ Wed Jul 22 15:43:33 UTC 2026
// 重构日志: 5bd9decd
// 重构日志: b841debd
